Installing libgcc-4.4.7-4.el6.x86_64
warning: libgcc-4.4.7-4.el6.x86_64: Header V3 RSA/SHA1 Signature, key ID c105b9de: NOKEY
Installing setup-2.8.14-20.el6_4.1.noarch
Installing filesystem-2.4.30-3.el6.x86_64
Installing basesystem-10.0-4.el6.noarch
Installing kernel-headers-2.6.32-504.1.3.el6.x86_64
warning: kernel-headers-2.6.32-504.1.3.el6.x86_64: Header V3 RSA/SHA1 Signature, key ID a218cd1f: NOKEY
Installing rubygem-mixlib-cli-1.2.2-3.el6.noarch
Installing rubygem-extlib-0.9.13-5.el6.noarch
Installing ncurses-base-5.7-3.20090208.el6.x86_64
Installing tzdata-2014e-1.el6.noarch
Installing glibc-common-2.12-1.132.el6_5.2.x86_64
Installing nss-softokn-freebl-3.14.3-10.el6_5.x86_64
Installing glibc-2.12-1.132.el6_5.2.x86_64
Installing ncurses-libs-5.7-3.20090208.el6.x86_64
Installing bash-4.1.2-15.3.mira1.x86_64
Installing libattr-2.4.44-7.el6.x86_64
Installing libcap-2.16-5.5.el6.x86_64
Installing zlib-1.2.3-29.el6.x86_64
Installing info-4.13a-8.el6.x86_64
Installing popt-1.13-7.el6.x86_64
Installing chkconfig-1.3.49.3-2.el6_4.1.x86_64
Installing libacl-2.2.49-6.el6.x86_64
Installing audit-libs-2.2-4.el6_5.x86_64
Installing db4-4.7.25-18.el6_4.x86_64
Installing libcom_err-1.41.12-18.el6.x86_64
Installing nspr-4.10.2-1.el6_5.x86_64
Installing libstdc++-4.4.7-4.el6.x86_64
Installing nss-util-3.15.3-1.el6_5.x86_64
Installing bzip2-libs-1.0.5-7.el6_0.x86_64
Installing readline-6.0-4.el6.x86_64
Installing libxml2-2.7.6-14.el6_5.2.x86_64
Installing libsepol-2.0.41-4.el6.x86_64
Installing libselinux-2.0.94-5.3.el6_4.1.x86_64
Installing shadow-utils-4.1.4.2-13.el6.x86_64
Installing sed-4.2.1-10.el6.x86_64
Installing gmp-4.3.1-7.el6_2.2.x86_64
Installing libidn-1.18-2.el6.x86_64
Installing gawk-3.1.7-10.el6.x86_64
Installing file-libs-5.04-15.el6.x86_64
Installing libuuid-2.17.2-12.14.el6_5.x86_64
Installing libudev-147-2.51.el6.x86_64
Installing dbus-libs-1.2.24-7.el6_3.x86_64
Installing libblkid-2.17.2-12.14.el6_5.x86_64
Installing findutils-4.4.2-6.el6.x86_64
Installing libselinux-utils-2.0.94-5.3.el6_4.1.x86_64
Installing lua-5.1.4-4.1.el6.x86_64
Installing sqlite-3.6.20-1.el6.x86_64
Installing pcre-7.8-6.el6.x86_64
Installing grep-2.6.3-4.el6_5.1.x86_64
Installing cyrus-sasl-lib-2.1.23-13.el6_3.1.x86_64
Installing which-2.19-6.el6.x86_64
Installing libpcap-1.4.0-1.20130826git2dbcaa1.el6.x86_64
Installing gdbm-1.8.0-36.el6.x86_64
Installing perl-Pod-Escapes-1.04-136.el6.x86_64
Installing perl-libs-5.10.1-136.el6.x86_64
Installing perl-Module-Pluggable-3.90-136.el6.x86_64
Installing perl-version-0.77-136.el6.x86_64
Installing perl-Pod-Simple-3.13-136.el6.x86_64
Installing perl-5.10.1-136.el6.x86_64
Installing xz-libs-4.999.9-0.3.beta.20091007git.el6.x86_64
Installing elfutils-libelf-0.152-1.el6.x86_64
Installing expat-2.0.1-11.el6_2.x86_64
Installing libgpg-error-1.7-4.el6.x86_64
Installing nss-softokn-3.14.3-10.el6_5.x86_64
Installing checkpolicy-2.0.22-1.el6.x86_64
Installing bzip2-1.0.5-7.el6_0.x86_64
Installing cpio-2.10-11.el6_3.x86_64
Installing binutils-2.20.51.0.2-5.36.el6.x86_64
Installing libedit-2.11-4.20080712cvs.1.el6.x86_64
Installing tcp_wrappers-libs-7.6-57.el6.x86_64
Installing pciutils-libs-3.1.10-2.el6.x86_64
Installing sysvinit-tools-2.87-5.dsf.el6.x86_64
Installing pkgconfig-0.23-9.1.el6.x86_64
Installing libyaml-0.1.3-1.el6.x86_64
Installing dmidecode-2.11-2.el6.x86_64
Installing pth-2.0.7-9.3.el6.x86_64
Installing libtasn1-2.3-6.el6_5.x86_64
Installing p11-kit-0.18.5-2.el6_5.2.x86_64
Installing p11-kit-trust-0.18.5-2.el6_5.2.x86_64
Installing ca-certificates-2013.1.95-65.1.el6_5.noarch
Installing shared-mime-info-0.70-4.el6.x86_64
warning: %post(shared-mime-info-0.70-4.el6.x86_64) scriptlet failed, exit status 127
Installing glib2-2.26.1-7.el6_5.x86_64
Installing gamin-0.1.10-9.el6.x86_64
Installing grubby-7.0.15-5.el6.x86_64
Installing dbus-glib-0.86-6.el6.x86_64
Installing libgcrypt-1.4.5-11.el6_4.x86_64
Installing device-mapper-persistent-data-0.2.8-4.el6_5.x86_64
Installing libnih-1.0.1-7.el6.x86_64
Installing upstart-0.6.5-13.el6_5.3.x86_64
Installing file-5.04-15.el6.x86_64
Installing ppl-0.10.2-11.el6.x86_64
Installing cloog-ppl-0.15.7-1.2.el6.x86_64
Installing mpfr-2.4.1-6.el6.x86_64
Installing cpp-4.4.7-4.el6.x86_64
Installing libutempter-1.1.5-4.1.el6.x86_64
Installing MAKEDEV-3.24-6.el6.x86_64
Installing vim-minimal-7.2.411-1.8.el6.x86_64
Installing procps-3.2.8-25.el6.x86_64
Installing net-tools-1.60-110.el6_2.x86_64
Installing psmisc-22.6-19.el6_5.x86_64
Installing libselinux-ruby-2.0.94-5.3.el6_4.1.x86_64
Installing augeas-libs-1.0.0-5.mira1.x86_64
Installing tar-1.23-11.el6.x86_64
Installing libicu-4.2.1-9.1.el6_2.x86_64
Installing libusb-0.1.12-23.el6.x86_64
Installing libss-1.41.12-18.el6.x86_64
Installing e2fsprogs-libs-1.41.12-18.el6.x86_64
Installing db4-utils-4.7.25-18.el6_4.x86_64
Installing pinentry-0.7.6-6.el6.x86_64
Installing make-3.81-20.el6.x86_64
Installing libgomp-4.4.7-4.el6.x86_64
Installing diffutils-2.8.1-28.el6.x86_64
Installing m4-1.4.13-5.el6.x86_64
Installing vim-common-7.2.411-1.8.el6.x86_64
Installing glibc-headers-2.12-1.132.el6_5.2.x86_64
Installing glibc-devel-2.12-1.132.el6_5.2.x86_64
Installing dash-0.5.5.1-4.el6.x86_64
Installing ncurses-5.7-3.20090208.el6.x86_64
Installing groff-1.18.1.4-21.el6.x86_64
Installing less-436-10.el6.x86_64
Installing coreutils-libs-8.4-31.el6_5.2.x86_64
Installing gzip-1.3.12-19.el6_4.x86_64
Installing cracklib-2.8.16-4.el6.x86_64
Installing cracklib-dicts-2.8.16-4.el6.x86_64
Installing coreutils-8.4-31.el6_5.2.x86_64
Installing pam-1.1.1-17.el6.x86_64
Installing module-init-tools-3.9-21.el6_4.x86_64
Installing hwdata-0.233-9.1.el6.noarch
Installing redhat-logos-60.0.14-12.el6.centos.noarch
Installing plymouth-scripts-0.8.3-27.el6.centos.x86_64
Installing pciutils-3.1.10-2.el6.x86_64
Installing libpciaccess-0.13.1-2.el6.x86_64
Installing logrotate-3.8.7-1.el6.x86_64
Installing nss-3.15.3-6.el6_5.x86_64
Installing nss-sysinit-3.15.3-6.el6_5.x86_64
Installing nss-tools-3.15.3-6.el6_5.x86_64
Installing openldap-2.4.23-34.el6_5.1.x86_64
Installing libuser-0.56.13-5.el6.x86_64
Installing libcap-ng-0.6.4-3.el6_0.1.x86_64
Installing ethtool-3.5-1.4.el6_5.x86_64
Installing mingetty-1.08-5.el6.x86_64
Installing vconfig-1.9-8.1.el6.x86_64
Installing ruby-shadow-1.4.1-13.el6.x86_64
Installing gpm-libs-1.20.6-12.el6.x86_64
Installing keyutils-libs-1.4-4.el6.x86_64
Installing krb5-libs-1.10.3-15.el6_5.1.x86_64
Installing openssl-1.0.1e-16.el6_5.14.x86_64
Installing ruby-2.1.1-1.1.x86_64
Installing rubygem-json-1.7.7-101.el6.x86_64
Installing libssh2-1.4.2-1.el6.x86_64
Installing libcurl-7.19.7-37.el6_5.3.x86_64
Installing curl-7.19.7-37.el6_5.3.x86_64
Installing rpm-libs-4.8.0-37.el6.x86_64
Installing rpm-4.8.0-37.el6.x86_64
Installing gnupg2-2.0.14-6.el6_4.x86_64
Installing gpgme-1.1.8-3.el6.x86_64
Installing hiera-1.3.1-1.mira2.noarch
Installing ruby-augeas-0.5.0-17.3.x86_64
Installing rubygem-httpclient-2.3.2-5.el6.noarch
Installing ruby-rgen-0.6.5-1.el6.noarch
Installing rubygem-stomp-1.2.16-1.el6.noarch
Installing mcollective-common-2.3.3-3.el6.noarch
Installing rubygem-mixlib-log-1.4.1-1.el6.noarch
Installing rubygem-mixlib-config-1.1.2-1.el6.noarch
Installing rubygem-systemu-2.5.2-1.el6.noarch
Installing rubygem-cstruct-1.0.1-1.el6.noarch
Installing rubygem-rethtool-0.0.3-2.mira1.noarch
Installing tcpdump-4.0.0-3.20090921gitdf3cb4.2.el6.x86_64
Installing bind-libs-9.8.2-0.23.rc1.el6_5.1.x86_64
Installing mysql-libs-5.1.73-3.el6_5.x86_64
Installing fipscheck-lib-1.2.0-7.el6.x86_64
Installing fipscheck-1.2.0-7.el6.x86_64
Installing ustr-1.0.4-9.1.el6.x86_64
Installing libsemanage-2.0.43-4.2.el6.x86_64
Installing libffi-3.0.5-3.2.el6.x86_64
Installing python-2.6.6-52.el6.x86_64
Installing python-libs-2.6.6-52.el6.x86_64
Installing PyYAML-3.10-3.el6.x86_64
Installing python-argparse-1.2.1-2.el6.noarch
Installing python-setuptools-0.7.2-7.mira1.noarch
Installing python-stevedore-1.0.0-3.mira1.noarch
Installing python-tablib-0.9.11.20120702git752443f-5.el6.noarch
Installing python-pypcap-1.1-15.1.x86_64
Installing yum-metadata-parser-1.1.2-16.el6.x86_64
Installing pygpgme-0.1-18.20090824bzr68.el6.x86_64
Installing rpm-python-4.8.0-37.el6.x86_64
Installing python-pycurl-7.19.0-8.el6.x86_64
Installing python-urlgrabber-3.9.1-9.el6.noarch
Installing scapy-2.0.0.10-5.el6.noarch
Installing python-daemonize-2.2.1-0.mira1.noarch
Installing python-iniparse-0.3.1-2.1.el6.noarch
Installing yum-plugin-fastestmirror-1.1.30-17.el6_5.noarch
Installing yum-3.2.29-43.el6.centos.noarch
Installing python-PrettyTable-0.7.2-5.1.noarch
Installing python-six-1.7.0-1.mira1.noarch
Installing pyparsing-2.0.1-3.el6.noarch
Installing python-cmd2-0.6.7-5.el6.noarch
Installing python-cliff-1.6.1-3.mira1.noarch
Installing python-cliff-tablib-1.1-1.2.noarch
Installing rubygem-yajl-ruby-1.1.0-1.el6.x86_64
Installing rubygem-ohai-6.14.0-1.el6.noarch
Installing slang-2.2.1-1.el6.x86_64
Installing newt-0.52.11-3.el6.x86_64
Installing newt-python-0.52.11-3.el6.x86_64
Installing plymouth-core-libs-0.8.3-27.el6.centos.x86_64
Installing rubygem-ipaddress-0.8.0-3.el6.noarch
Installing kbd-misc-1.15-11.el6.noarch
Installing centos-release-6-5.el6.centos.11.2.x86_64
Installing policycoreutils-2.0.83-19.39.el6.x86_64
Installing iptables-1.4.7-11.mira2.x86_64
Installing iproute-2.6.32-130.el6.netns.2.mira1.x86_64
Installing iputils-20071127-17.el6_4.2.x86_64
Installing util-linux-ng-2.17.2-12.14.el6_5.x86_64
Installing initscripts-9.03.40-2.el6.centos.1.x86_64
Installing udev-147-2.51.el6.x86_64
Installing device-mapper-libs-1.02.79-8.el6.x86_64
Installing device-mapper-1.02.79-8.el6.x86_64
Installing device-mapper-event-libs-1.02.79-8.el6.x86_64
Installing openssh-5.3p1-94.el6.x86_64
Installing device-mapper-event-1.02.79-8.el6.x86_64
Installing lvm2-libs-2.02.100-8.el6.x86_64
Installing libdrm-2.4.45-2.el6.x86_64
Installing plymouth-0.8.3-27.el6.centos.x86_64
Installing mcollective-2.3.3-3.el6.noarch
Installing kbd-1.15-11.el6.x86_64
Installing dracut-004-336.el6_5.2.noarch
Installing dracut-kernel-004-336.el6_5.2.noarch
Installing rsyslog-5.8.10-8.el6.x86_64
Installing ntpdate-4.2.6p5-1.el6.centos.x86_64
Installing cyrus-sasl-2.1.23-13.el6_3.1.x86_64
Installing postfix-2.6.6-6.el6_5.x86_64
Installing crontabs-1.10-33.el6.noarch
Installing cronie-anacron-1.4.4-12.el6.x86_64
Installing cronie-1.4.4-12.el6.x86_64
Installing virt-what-1.11-1.2.el6.x86_64
Installing facter-1.7.0-1.el6.x86_64
Installing iptables-ipv6-1.4.7-11.mira2.x86_64
Installing selinux-policy-3.7.19-231.el6_5.3.noarch
Installing dhcp-common-4.1.1-38.P1.el6.centos.x86_64
Installing linux-firmware-20140317-35.gitdec41bce.mira1.noarch
Installing rubygem-netaddr-1.5.0-2.el6.noarch
Installing rubygem-openstack-1.1.2-2.el6.noarch
Installing kernel-2.6.32-504.1.3.el6.x86_64
Installing dhclient-4.1.1-38.P1.el6.centos.x86_64
Installing selinux-policy-targeted-3.7.19-231.el6_5.3.noarch
Installing system-config-firewall-base-1.2.27-5.el6.noarch
Installing puppet-3.4.2-2.mira3.noarch
Installing ntp-4.2.6p5-1.el6.centos.x86_64
Installing nailgun-mcagents-6.0.0-1.x86_64
Installing lvm2-2.02.100-8.el6.x86_64
Installing openssh-clients-5.3p1-94.el6.x86_64
Installing openssh-server-5.3p1-94.el6.x86_64
Installing bfa-firmware-3.2.21.1-2.el6.noarch
Installing b43-openfwwf-5.2-4.el6.noarch
Installing aic94xx-firmware-30-2.el6.noarch
Installing nailgun-agent-6.0.0-1.x86_64
Installing authconfig-6.1.12-13.el6.x86_64
Installing nailgun-net-check-6.0.0-1.x86_64
Installing yum-utils-1.1.30-17.el6_5.noarch
Installing vim-enhanced-7.2.411-1.8.el6.x86_64
Installing grub-0.97-83.el6.x86_64
Installing bind-utils-9.8.2-0.23.rc1.el6_5.1.x86_64
Installing nmap-ncat-6.40-3.el6.x86_64
Installing wget-1.12-1.11.el6_5.x86_64
Installing passwd-0.77-4.el6_2.2.x86_64
Installing sudo-1.8.6p3-12.el6.x86_64
Installing audit-2.2-4.el6_5.x86_64
Installing gcc-4.4.7-4.el6.x86_64
Installing e2fsprogs-1.41.12-18.el6.x86_64
Installing gdisk-0.8.4-1.el6.x86_64
Installing efibootmgr-0.5.4-11.el6.x86_64
Installing mlocate-0.22.2-4.el6.x86_64
Installing kernel-devel-2.6.32-504.1.3.el6.x86_64
Installing rsync-3.0.6-9.el6_4.1.x86_64
Installing acl-2.2.49-6.el6.x86_64
Installing attr-2.4.44-7.el6.x86_64
Installing telnet-0.17-47.el6_3.1.x86_64
Installing daemonize-1.7.3-1.el6.x86_64
Installing iwl1000-firmware-39.31.5.1-35.gitdec41bce.mira1.noarch
Installing iwl5000-firmware-8.83.5.1_1-35.gitdec41bce.mira1.noarch
Installing ivtv-firmware-20080701-20.2.noarch
Installing libertas-usb8388-firmware-20140317-35.gitdec41bce.mira1.noarch
Installing xorg-x11-drv-ati-firmware-20140317-35.gitdec41bce.mira1.noarch
Installing iwl6000-firmware-9.221.4.1-35.gitdec41bce.mira1.noarch
Installing atmel-firmware-1.3-7.el6.noarch
Installing zd1211-firmware-1.4-4.el6.noarch
Installing iwl4965-firmware-228.61.2.24-35.gitdec41bce.mira1.noarch
Installing iwl3945-firmware-15.32.2.9-35.gitdec41bce.mira1.noarch
Installing iwl6000g2a-firmware-17.168.5.3-35.gitdec41bce.mira1.noarch
Installing iwl6050-firmware-41.28.5.1-35.gitdec41bce.mira1.noarch
Installing iwl100-firmware-39.31.5.1-35.gitdec41bce.mira1.noarch
Installing iwl5150-firmware-8.24.2.2-35.gitdec41bce.mira1.noarch
Installing ipw2100-firmware-1.3-11.el6.noarch
Installing ipw2200-firmware-3.1-4.el6.noarch
Installing rootfiles-8.1-6.1.el6.noarch
Installing ql2400-firmware-20140317-35.gitdec41bce.mira1.noarch
Installing ql2100-firmware-20140317-35.gitdec41bce.mira1.noarch
Installing ql2200-firmware-20140317-35.gitdec41bce.mira1.noarch
Installing ql2500-firmware-20140317-35.gitdec41bce.mira1.noarch
Installing ql23xx-firmware-20140317-35.gitdec41bce.mira1.noarch
*** FINISHED INSTALLING PACKAGES ***